c:\boris\c_projects\minitg_update\dll\x64\debug\dll.pch
c:\boris\c_projects\minitg_update\dll\x64\debug\vc143.pdb
c:\boris\c_projects\minitg_update\dll\x64\debug\vc143.idb
c:\boris\c_projects\minitg_update\dll\x64\debug\pch.obj
c:\boris\c_projects\minitg_update\dll\x64\debug\encryption.obj
c:\boris\c_projects\minitg_update\dll\x64\debug\dllmain.obj
c:\boris\c_projects\os_minitg\x64\debug\dll.dll
c:\boris\c_projects\os_minitg\x64\debug\dll.pdb
c:\boris\c_projects\minitg_update\x64\debug\dll.dll
c:\boris\c_projects\minitg_update\x64\debug\dll.pdb
c:\boris\c_projects\os_minitg\dll\x64\debug\dll.res
c:\boris\c_projects\minitg_update\dll\x64\debug\dll.res
c:\boris\c_projects\minitg_update\x64\debug\dll.lib
c:\boris\c_projects\minitg_update\x64\debug\dll.exp
c:\boris\c_projects\minitg_update\dll\x64\debug\dll.ilk
c:\boris\c_projects\minitg_update\dll\x64\debug\dll.tlog\cl.command.1.tlog
c:\boris\c_projects\minitg_update\dll\x64\debug\dll.tlog\cl.items.tlog
c:\boris\c_projects\minitg_update\dll\x64\debug\dll.tlog\cl.read.1.tlog
c:\boris\c_projects\minitg_update\dll\x64\debug\dll.tlog\cl.write.1.tlog
c:\boris\c_projects\minitg_update\dll\x64\debug\dll.tlog\link.command.1.tlog
c:\boris\c_projects\minitg_update\dll\x64\debug\dll.tlog\link.read.1.tlog
c:\boris\c_projects\minitg_update\dll\x64\debug\dll.tlog\link.secondary.1.tlog
c:\boris\c_projects\minitg_update\dll\x64\debug\dll.tlog\link.write.1.tlog
c:\boris\c_projects\minitg_update\dll\x64\debug\dll.tlog\rc.command.1.tlog
c:\boris\c_projects\minitg_update\dll\x64\debug\dll.tlog\rc.read.1.tlog
c:\boris\c_projects\minitg_update\dll\x64\debug\dll.tlog\rc.write.1.tlog
